<?xml version="1.0" encoding="UTF-8"?>
<robot generator="Robot 3.1.2 (Python 3.7.7 on darwin)" generated="20200604 10:47:48.106" rpa="false">
<suite id="s1" name="Login" source="/Users/bond/Documents/Paylo/Test-merchant/Login.robot">
<test id="s1-t1" name="TC01 : Merchant login success">
<kw name="Open merchant browser" library="Keyword_merchant_login" type="setup">
<kw name="Open Browser" library="SeleniumLibrary">
<doc>Opens a new browser instance to the optional ``url``.</doc>
<arguments>
<arg>${merchant_url}</arg>
<arg>chrome</arg>
</arguments>
<msg timestamp="20200604 10:47:48.499" level="INFO">Opening browser 'chrome' to base url 'https://staging.pay-lo.com/merchant/signin'.</msg>
<status status="PASS" starttime="20200604 10:47:48.499" endtime="20200604 10:47:53.604"></status>
</kw>
<kw name="Maximize Browser Window" library="SeleniumLibrary">
<doc>Maximizes current browser window.</doc>
<status status="PASS" starttime="20200604 10:47:53.605" endtime="20200604 10:47:53.743"></status>
</kw>
<kw name="Set Selenium Speed" library="SeleniumLibrary">
<doc>Sets the delay that is waited after each Selenium command.</doc>
<arguments>
<arg>0.5</arg>
</arguments>
<status status="PASS" starttime="20200604 10:47:53.744" endtime="20200604 10:47:53.744"></status>
</kw>
<status status="PASS" starttime="20200604 10:47:48.498" endtime="20200604 10:47:53.744"></status>
</kw>
<kw name="Merchant login" library="Keyword_merchant_login">
<arguments>
<arg>${merchant-email}</arg>
<arg>${merchant-pass}</arg>
</arguments>
<kw name="Input Text" library="SeleniumLibrary">
<doc>Types the given ``text`` into the text field identified by ``locator``.</doc>
<arguments>
<arg>${email-xpath}</arg>
<arg>${merchant-email}</arg>
</arguments>
<msg timestamp="20200604 10:47:53.746" level="INFO">Typing text 'nathakrit.p@gmail.com' into text field '//*[@id="root"]/div/div[2]/div[2]/div[2]/form/div[5]/input'.</msg>
<kw name="Capture Page Screenshot" library="SeleniumLibrary">
<doc>Takes a screenshot of the current page and embeds it into a log file.</doc>
<msg timestamp="20200604 10:47:55.314" level="INFO" html="yes">&lt;/td&gt;&lt;/tr&gt;&lt;tr&gt;&lt;td colspan="3"&gt;&lt;a href="selenium-screenshot-1.png"&gt;&lt;img src="selenium-screenshot-1.png" width="800px"&gt;&lt;/a&gt;</msg>
<status status="PASS" starttime="20200604 10:47:54.272" endtime="20200604 10:47:55.314"></status>
</kw>
<msg timestamp="20200604 10:47:55.317" level="FAIL">Element with locator '//*[@id="root"]/div/div[2]/div[2]/div[2]/form/div[5]/input' not found.</msg>
<status status="FAIL" starttime="20200604 10:47:53.746" endtime="20200604 10:47:55.317"></status>
</kw>
<status status="FAIL" starttime="20200604 10:47:53.745" endtime="20200604 10:47:55.317"></status>
</kw>
<kw name="Close All Browsers" library="SeleniumLibrary" type="teardown">
<doc>Closes all open browsers and resets the browser cache.</doc>
<status status="PASS" starttime="20200604 10:47:55.318" endtime="20200604 10:47:55.896"></status>
</kw>
<status status="FAIL" starttime="20200604 10:47:48.498" endtime="20200604 10:47:55.897" critical="yes">Element with locator '//*[@id="root"]/div/div[2]/div[2]/div[2]/form/div[5]/input' not found.</status>
</test>
<status status="FAIL" starttime="20200604 10:47:48.108" endtime="20200604 10:47:55.898"></status>
</suite>
<statistics>
<total>
<stat pass="0" fail="1">Critical Tests</stat>
<stat pass="0" fail="1">All Tests</stat>
</total>
<tag>
</tag>
<suite>
<stat pass="0" fail="1" id="s1" name="Login">Login</stat>
</suite>
</statistics>
<errors>
<msg timestamp="20200604 10:47:48.308" level="ERROR">Error in file '/Users/bond/Documents/Paylo/common.robot': Importing test library 'HttpLibrary.HTTP' failed: SyntaxError: invalid syntax (__init__.py, line 16)
Traceback (most recent call last):
  None
PYTHONPATH:
  /Library/Frameworks/Python.framework/Versions/3.7/bin
  /Library/Frameworks/Python.framework/Versions/3.7/lib/python37.zip
  /Library/Frameworks/Python.framework/Versions/3.7/lib/python3.7
  /Library/Frameworks/Python.framework/Versions/3.7/lib/python3.7/lib-dynload
  /Library/Frameworks/Python.framework/Versions/3.7/lib/python3.7/site-packages</msg>
<msg timestamp="20200604 10:47:48.489" level="ERROR">Error in file '/Users/bond/Documents/Paylo/Resources/Api/Keywords/Keyword_api_backoffice.robot': Setting variable '${api-approve}' failed: Variable '${merchant_id}' not found.</msg>
<msg timestamp="20200604 10:47:48.492" level="ERROR">Error in file '/Users/bond/Documents/Paylo/Resources/Api/Keywords/Keyword_api_backoffice.robot': Setting variable '${api-reject}' failed: Variable '${merchant_id}' not found.</msg>
</errors>
</robot>
